Starting server with Config HP="127.0.0.1:13896"|T="28800000"|R="false"|L="info"
time="2026-03-09T11:15:01+01:00" level=info msg="Creating root@localhost superuser"
time="2026-03-09T11:15:01+01:00" level=info msg="Server ready. Accepting connections."
time="2026-03-09T11:15:01+01:00" level=warning msg="secure_file_priv is set to \"\", which is insecure."
time="2026-03-09T11:15:01+01:00" level=warning msg="Any user with GRANT FILE privileges will be able to read any file which the sql-server process can read."
time="2026-03-09T11:15:01+01:00" level=warning msg="Please consider restarting the server with secure_file_priv set to a safe (or non-existent) directory."
time="2026-03-09T11:15:01+01:00" level=info msg=NewConnection DisableClientMultiStatements=false connectionID=1
time="2026-03-09T11:15:01+01:00" level=info msg=ConnectionClosed connectionID=1
time="2026-03-09T11:15:01+01:00" level=info msg=NewConnection DisableClientMultiStatements=false connectionID=2
time="2026-03-09T11:15:01+01:00" level=info msg=ConnectionClosed connectionID=2
time="2026-03-09T11:15:01+01:00" level=info msg=NewConnection DisableClientMultiStatements=false connectionID=3
time="2026-03-09T11:15:01+01:00" level=info msg=NewConnection DisableClientMultiStatements=false connectionID=4
time="2026-03-09T11:15:01+01:00" level=info msg=ConnectionClosed connectionID=3
time="2026-03-09T11:15:01+01:00" level=warning msg="error running query" connectTime="2026-03-09 11:15:01.691261 +0100 CET m=+0.498419834" connectionDb=beads_antwort connectionID=4 error="Duplicate key name 'idx_issues_issue_type'" queryTime="2026-03-09 11:15:01.703143 +0100 CET m=+0.510302084"
time="2026-03-09T11:15:01+01:00" level=warning msg="error running query" connectTime="2026-03-09 11:15:01.691261 +0100 CET m=+0.498419834" connectionDb=beads_antwort connectionID=4 error="foreign key `fk_dep_depends_on` was not found on the table `dependencies`" queryTime="2026-03-09 11:15:01.70374 +0100 CET m=+0.510898626"
time="2026-03-09T11:15:01+01:00" level=info msg=ConnectionClosed connectionID=4
time="2026-03-09T11:15:01+01:00" level=info msg=NewConnection DisableClientMultiStatements=false connectionID=5
time="2026-03-09T11:15:01+01:00" level=info msg=ConnectionClosed connectionID=5
time="2026-03-09T11:15:01+01:00" level=info msg=NewConnection DisableClientMultiStatements=false connectionID=6
time="2026-03-09T11:15:01+01:00" level=info msg=NewConnection DisableClientMultiStatements=false connectionID=7
time="2026-03-09T11:15:01+01:00" level=info msg=ConnectionClosed connectionID=6
time="2026-03-09T11:15:02+01:00" level=info msg=ConnectionClosed connectionID=7
time="2026-03-09T11:15:04+01:00" level=info msg=NewConnection DisableClientMultiStatements=false connectionID=8
time="2026-03-09T11:15:04+01:00" level=info msg=ConnectionClosed connectionID=8
time="2026-03-09T11:15:04+01:00" level=info msg=NewConnection DisableClientMultiStatements=false connectionID=9
time="2026-03-09T11:15:04+01:00" level=info msg=NewConnection DisableClientMultiStatements=false connectionID=10
time="2026-03-09T11:15:04+01:00" level=info msg=ConnectionClosed connectionID=9
time="2026-03-09T11:15:04+01:00" level=info msg=ConnectionClosed connectionID=10
time="2026-03-09T11:15:07+01:00" level=info msg=NewConnection DisableClientMultiStatements=false connectionID=11
time="2026-03-09T11:15:07+01:00" level=info msg=ConnectionClosed connectionID=11
time="2026-03-09T11:15:07+01:00" level=info msg=NewConnection DisableClientMultiStatements=false connectionID=12
time="2026-03-09T11:15:07+01:00" level=info msg=NewConnection DisableClientMultiStatements=false connectionID=13
time="2026-03-09T11:15:07+01:00" level=info msg=ConnectionClosed connectionID=12
time="2026-03-09T11:15:07+01:00" level=info msg=ConnectionClosed connectionID=13
time="2026-03-09T11:15:13+01:00" level=info msg=NewConnection DisableClientMultiStatements=false connectionID=14
time="2026-03-09T11:15:13+01:00" level=info msg=ConnectionClosed connectionID=14
time="2026-03-09T11:15:13+01:00" level=info msg=NewConnection DisableClientMultiStatements=false connectionID=15
time="2026-03-09T11:15:13+01:00" level=info msg=NewConnection DisableClientMultiStatements=false connectionID=16
time="2026-03-09T11:15:13+01:00" level=info msg=ConnectionClosed connectionID=15
time="2026-03-09T11:15:13+01:00" level=info msg=ConnectionClosed connectionID=16
time="2026-03-09T11:15:15+01:00" level=info msg=NewConnection DisableClientMultiStatements=false connectionID=17
time="2026-03-09T11:15:15+01:00" level=info msg=ConnectionClosed connectionID=17
time="2026-03-09T11:15:15+01:00" level=info msg=NewConnection DisableClientMultiStatements=false connectionID=18
time="2026-03-09T11:15:15+01:00" level=info msg=NewConnection DisableClientMultiStatements=false connectionID=19
time="2026-03-09T11:15:15+01:00" level=info msg=ConnectionClosed connectionID=18
time="2026-03-09T11:15:15+01:00" level=info msg=ConnectionClosed connectionID=19
time="2026-03-09T11:16:40+01:00" level=info msg=NewConnection DisableClientMultiStatements=false connectionID=20
time="2026-03-09T11:16:40+01:00" level=info msg=ConnectionClosed connectionID=20
time="2026-03-09T11:16:40+01:00" level=info msg=NewConnection DisableClientMultiStatements=false connectionID=21
time="2026-03-09T11:16:40+01:00" level=info msg=NewConnection DisableClientMultiStatements=false connectionID=22
time="2026-03-09T11:16:40+01:00" level=info msg=ConnectionClosed connectionID=21
time="2026-03-09T11:16:40+01:00" level=info msg=ConnectionClosed connectionID=22
time="2026-03-09T11:16:52+01:00" level=info msg=NewConnection DisableClientMultiStatements=false connectionID=23
time="2026-03-09T11:16:52+01:00" level=info msg=ConnectionClosed connectionID=23
time="2026-03-09T11:16:52+01:00" level=info msg=NewConnection DisableClientMultiStatements=false connectionID=24
time="2026-03-09T11:16:52+01:00" level=info msg=NewConnection DisableClientMultiStatements=false connectionID=25
time="2026-03-09T11:16:52+01:00" level=info msg=ConnectionClosed connectionID=24
time="2026-03-09T11:16:52+01:00" level=warning msg="error running query" connectTime="2026-03-09 11:16:52.194963 +0100 CET m=+111.001633959" connectionDb=beads_antwort connectionID=25 error="nothing to commit" queryTime="2026-03-09 11:16:52.201564 +0100 CET m=+111.008234709"
time="2026-03-09T11:16:52+01:00" level=info msg=ConnectionClosed connectionID=25
time="2026-03-09T11:16:59+01:00" level=info msg=NewConnection DisableClientMultiStatements=false connectionID=26
time="2026-03-09T11:16:59+01:00" level=info msg=ConnectionClosed connectionID=26
time="2026-03-09T11:16:59+01:00" level=info msg=NewConnection DisableClientMultiStatements=false connectionID=27
time="2026-03-09T11:16:59+01:00" level=info msg=NewConnection DisableClientMultiStatements=false connectionID=28
time="2026-03-09T11:16:59+01:00" level=info msg=ConnectionClosed connectionID=27
time="2026-03-09T11:16:59+01:00" level=warning msg="error running query" connectTime="2026-03-09 11:16:59.025845 +0100 CET m=+117.832485334" connectionDb=beads_antwort connectionID=28 error="nothing to commit" queryTime="2026-03-09 11:16:59.033748 +0100 CET m=+117.840388417"
time="2026-03-09T11:16:59+01:00" level=info msg=ConnectionClosed connectionID=28
time="2026-03-09T11:16:59+01:00" level=info msg=NewConnection DisableClientMultiStatements=false connectionID=29
time="2026-03-09T11:16:59+01:00" level=info msg=ConnectionClosed connectionID=29
time="2026-03-09T11:16:59+01:00" level=info msg=NewConnection DisableClientMultiStatements=false connectionID=30
time="2026-03-09T11:16:59+01:00" level=info msg=NewConnection DisableClientMultiStatements=false connectionID=31
time="2026-03-09T11:16:59+01:00" level=info msg=ConnectionClosed connectionID=30
time="2026-03-09T11:16:59+01:00" level=warning msg="error running query" connectTime="2026-03-09 11:16:59.130658 +0100 CET m=+117.937298251" connectionDb=beads_antwort connectionID=31 error="nothing to commit" queryTime="2026-03-09 11:16:59.139563 +0100 CET m=+117.946203667"
time="2026-03-09T11:16:59+01:00" level=info msg=ConnectionClosed connectionID=31
time="2026-03-09T11:16:59+01:00" level=info msg=NewConnection DisableClientMultiStatements=false connectionID=32
time="2026-03-09T11:16:59+01:00" level=info msg=ConnectionClosed connectionID=32
time="2026-03-09T11:16:59+01:00" level=info msg=NewConnection DisableClientMultiStatements=false connectionID=33
time="2026-03-09T11:16:59+01:00" level=info msg=NewConnection DisableClientMultiStatements=false connectionID=34
time="2026-03-09T11:16:59+01:00" level=info msg=ConnectionClosed connectionID=33
time="2026-03-09T11:16:59+01:00" level=warning msg="error running query" connectTime="2026-03-09 11:16:59.211628 +0100 CET m=+118.018267667" connectionDb=beads_antwort connectionID=34 error="nothing to commit" queryTime="2026-03-09 11:16:59.217561 +0100 CET m=+118.024200542"
time="2026-03-09T11:16:59+01:00" level=info msg=ConnectionClosed connectionID=34
time="2026-03-09T11:16:59+01:00" level=info msg=NewConnection DisableClientMultiStatements=false connectionID=35
time="2026-03-09T11:16:59+01:00" level=info msg=ConnectionClosed connectionID=35
time="2026-03-09T11:16:59+01:00" level=info msg=NewConnection DisableClientMultiStatements=false connectionID=36
time="2026-03-09T11:16:59+01:00" level=info msg=NewConnection DisableClientMultiStatements=false connectionID=37
time="2026-03-09T11:16:59+01:00" level=info msg=ConnectionClosed connectionID=36
time="2026-03-09T11:16:59+01:00" level=warning msg="error running query" connectTime="2026-03-09 11:16:59.304441 +0100 CET m=+118.111080417" connectionDb=beads_antwort connectionID=37 error="nothing to commit" queryTime="2026-03-09 11:16:59.31086 +0100 CET m=+118.117499751"
time="2026-03-09T11:16:59+01:00" level=info msg=ConnectionClosed connectionID=37
time="2026-03-09T11:16:59+01:00" level=info msg=NewConnection DisableClientMultiStatements=false connectionID=38
time="2026-03-09T11:16:59+01:00" level=info msg=ConnectionClosed connectionID=38
time="2026-03-09T11:16:59+01:00" level=info msg=NewConnection DisableClientMultiStatements=false connectionID=39
time="2026-03-09T11:16:59+01:00" level=info msg=NewConnection DisableClientMultiStatements=false connectionID=40
time="2026-03-09T11:16:59+01:00" level=info msg=ConnectionClosed connectionID=39
time="2026-03-09T11:16:59+01:00" level=warning msg="error running query" connectTime="2026-03-09 11:16:59.38486 +0100 CET m=+118.191499042" connectionDb=beads_antwort connectionID=40 error="nothing to commit" queryTime="2026-03-09 11:16:59.390771 +0100 CET m=+118.197410251"
time="2026-03-09T11:16:59+01:00" level=info msg=ConnectionClosed connectionID=40
time="2026-03-09T11:16:59+01:00" level=info msg=NewConnection DisableClientMultiStatements=false connectionID=41
time="2026-03-09T11:16:59+01:00" level=info msg=ConnectionClosed connectionID=41
time="2026-03-09T11:16:59+01:00" level=info msg=NewConnection DisableClientMultiStatements=false connectionID=42
time="2026-03-09T11:16:59+01:00" level=info msg=NewConnection DisableClientMultiStatements=false connectionID=43
time="2026-03-09T11:16:59+01:00" level=info msg=ConnectionClosed connectionID=42
time="2026-03-09T11:16:59+01:00" level=warning msg="error running query" connectTime="2026-03-09 11:16:59.455308 +0100 CET m=+118.261946501" connectionDb=beads_antwort connectionID=43 error="nothing to commit" queryTime="2026-03-09 11:16:59.462839 +0100 CET m=+118.269478042"
time="2026-03-09T11:16:59+01:00" level=info msg=ConnectionClosed connectionID=43
time="2026-03-09T11:16:59+01:00" level=info msg=NewConnection DisableClientMultiStatements=false connectionID=44
time="2026-03-09T11:16:59+01:00" level=info msg=ConnectionClosed connectionID=44
time="2026-03-09T11:16:59+01:00" level=info msg=NewConnection DisableClientMultiStatements=false connectionID=45
time="2026-03-09T11:16:59+01:00" level=info msg=NewConnection DisableClientMultiStatements=false connectionID=46
time="2026-03-09T11:16:59+01:00" level=info msg=ConnectionClosed connectionID=45
time="2026-03-09T11:16:59+01:00" level=warning msg="error running query" connectTime="2026-03-09 11:16:59.529683 +0100 CET m=+118.336321417" connectionDb=beads_antwort connectionID=46 error="nothing to commit" queryTime="2026-03-09 11:16:59.536836 +0100 CET m=+118.343474167"
time="2026-03-09T11:16:59+01:00" level=info msg=ConnectionClosed connectionID=46
time="2026-03-09T11:16:59+01:00" level=info msg=NewConnection DisableClientMultiStatements=false connectionID=47
time="2026-03-09T11:16:59+01:00" level=info msg=ConnectionClosed connectionID=47
time="2026-03-09T11:16:59+01:00" level=info msg=NewConnection DisableClientMultiStatements=false connectionID=48
time="2026-03-09T11:16:59+01:00" level=info msg=NewConnection DisableClientMultiStatements=false connectionID=49
time="2026-03-09T11:16:59+01:00" level=info msg=ConnectionClosed connectionID=48
time="2026-03-09T11:16:59+01:00" level=warning msg="error running query" connectTime="2026-03-09 11:16:59.603139 +0100 CET m=+118.409777584" connectionDb=beads_antwort connectionID=49 error="nothing to commit" queryTime="2026-03-09 11:16:59.609817 +0100 CET m=+118.416455251"
time="2026-03-09T11:16:59+01:00" level=info msg=ConnectionClosed connectionID=49
time="2026-03-09T11:16:59+01:00" level=info msg=NewConnection DisableClientMultiStatements=false connectionID=50
time="2026-03-09T11:16:59+01:00" level=info msg=ConnectionClosed connectionID=50
time="2026-03-09T11:16:59+01:00" level=info msg=NewConnection DisableClientMultiStatements=false connectionID=51
time="2026-03-09T11:16:59+01:00" level=info msg=NewConnection DisableClientMultiStatements=false connectionID=52
time="2026-03-09T11:16:59+01:00" level=info msg=ConnectionClosed connectionID=51
time="2026-03-09T11:16:59+01:00" level=warning msg="error running query" connectTime="2026-03-09 11:16:59.677769 +0100 CET m=+118.484406542" connectionDb=beads_antwort connectionID=52 error="nothing to commit" queryTime="2026-03-09 11:16:59.686943 +0100 CET m=+118.493580959"
time="2026-03-09T11:16:59+01:00" level=info msg=ConnectionClosed connectionID=52
time="2026-03-09T11:16:59+01:00" level=info msg=NewConnection DisableClientMultiStatements=false connectionID=53
time="2026-03-09T11:16:59+01:00" level=info msg=ConnectionClosed connectionID=53
time="2026-03-09T11:16:59+01:00" level=info msg=NewConnection DisableClientMultiStatements=false connectionID=54
time="2026-03-09T11:16:59+01:00" level=info msg=NewConnection DisableClientMultiStatements=false connectionID=55
time="2026-03-09T11:16:59+01:00" level=info msg=ConnectionClosed connectionID=54
time="2026-03-09T11:16:59+01:00" level=warning msg="error running query" connectTime="2026-03-09 11:16:59.753958 +0100 CET m=+118.560595834" connectionDb=beads_antwort connectionID=55 error="nothing to commit" queryTime="2026-03-09 11:16:59.760814 +0100 CET m=+118.567451959"
time="2026-03-09T11:16:59+01:00" level=info msg=ConnectionClosed connectionID=55
time="2026-03-09T11:16:59+01:00" level=info msg=NewConnection DisableClientMultiStatements=false connectionID=56
time="2026-03-09T11:16:59+01:00" level=info msg=ConnectionClosed connectionID=56
time="2026-03-09T11:16:59+01:00" level=info msg=NewConnection DisableClientMultiStatements=false connectionID=57
time="2026-03-09T11:16:59+01:00" level=info msg=NewConnection DisableClientMultiStatements=false connectionID=58
time="2026-03-09T11:16:59+01:00" level=info msg=ConnectionClosed connectionID=57
time="2026-03-09T11:16:59+01:00" level=warning msg="error running query" connectTime="2026-03-09 11:16:59.823108 +0100 CET m=+118.629745626" connectionDb=beads_antwort connectionID=58 error="nothing to commit" queryTime="2026-03-09 11:16:59.829975 +0100 CET m=+118.636612001"
time="2026-03-09T11:16:59+01:00" level=info msg=ConnectionClosed connectionID=58
time="2026-03-09T11:16:59+01:00" level=info msg=NewConnection DisableClientMultiStatements=false connectionID=59
time="2026-03-09T11:16:59+01:00" level=info msg=ConnectionClosed connectionID=59
time="2026-03-09T11:16:59+01:00" level=info msg=NewConnection DisableClientMultiStatements=false connectionID=60
time="2026-03-09T11:16:59+01:00" level=info msg=NewConnection DisableClientMultiStatements=false connectionID=61
time="2026-03-09T11:16:59+01:00" level=info msg=ConnectionClosed connectionID=60
time="2026-03-09T11:16:59+01:00" level=warning msg="error running query" connectTime="2026-03-09 11:16:59.897229 +0100 CET m=+118.703866126" connectionDb=beads_antwort connectionID=61 error="nothing to commit" queryTime="2026-03-09 11:16:59.903807 +0100 CET m=+118.710443834"
time="2026-03-09T11:17:00+01:00" level=info msg=ConnectionClosed connectionID=61
time="2026-03-09T11:17:00+01:00" level=info msg=NewConnection DisableClientMultiStatements=false connectionID=62
time="2026-03-09T11:17:00+01:00" level=info msg=ConnectionClosed connectionID=62
time="2026-03-09T11:17:00+01:00" level=info msg=NewConnection DisableClientMultiStatements=false connectionID=63
time="2026-03-09T11:17:00+01:00" level=info msg=NewConnection DisableClientMultiStatements=false connectionID=64
time="2026-03-09T11:17:00+01:00" level=info msg=ConnectionClosed connectionID=63
time="2026-03-09T11:17:00+01:00" level=warning msg="error running query" connectTime="2026-03-09 11:17:00.034355 +0100 CET m=+118.840991084" connectionDb=beads_antwort connectionID=64 error="nothing to commit" queryTime="2026-03-09 11:17:00.04087 +0100 CET m=+118.847505876"
time="2026-03-09T11:17:00+01:00" level=info msg=ConnectionClosed connectionID=64
time="2026-03-09T11:17:00+01:00" level=info msg=NewConnection DisableClientMultiStatements=false connectionID=65
time="2026-03-09T11:17:00+01:00" level=info msg=ConnectionClosed connectionID=65
time="2026-03-09T11:17:00+01:00" level=info msg=NewConnection DisableClientMultiStatements=false connectionID=66
time="2026-03-09T11:17:00+01:00" level=info msg=NewConnection DisableClientMultiStatements=false connectionID=67
time="2026-03-09T11:17:00+01:00" level=info msg=ConnectionClosed connectionID=66
time="2026-03-09T11:17:00+01:00" level=warning msg="error running query" connectTime="2026-03-09 11:17:00.13678 +0100 CET m=+118.943415584" connectionDb=beads_antwort connectionID=67 error="nothing to commit" queryTime="2026-03-09 11:17:00.143705 +0100 CET m=+118.950341251"
time="2026-03-09T11:17:00+01:00" level=info msg=ConnectionClosed connectionID=67
time="2026-03-09T11:17:08+01:00" level=info msg=NewConnection DisableClientMultiStatements=false connectionID=68
time="2026-03-09T11:17:08+01:00" level=info msg=ConnectionClosed connectionID=68
time="2026-03-09T11:17:08+01:00" level=info msg=NewConnection DisableClientMultiStatements=false connectionID=69
time="2026-03-09T11:17:08+01:00" level=info msg=NewConnection DisableClientMultiStatements=false connectionID=70
time="2026-03-09T11:17:08+01:00" level=info msg=ConnectionClosed connectionID=69
time="2026-03-09T11:17:08+01:00" level=warning msg="error running query" connectTime="2026-03-09 11:17:08.184578 +0100 CET m=+126.991177876" connectionDb=beads_antwort connectionID=70 error="nothing to commit" queryTime="2026-03-09 11:17:08.191139 +0100 CET m=+126.997739584"
time="2026-03-09T11:17:08+01:00" level=info msg=ConnectionClosed connectionID=70
time="2026-03-09T11:17:08+01:00" level=info msg=NewConnection DisableClientMultiStatements=false connectionID=71
time="2026-03-09T11:17:08+01:00" level=info msg=ConnectionClosed connectionID=71
time="2026-03-09T11:17:08+01:00" level=info msg=NewConnection DisableClientMultiStatements=false connectionID=72
time="2026-03-09T11:17:08+01:00" level=info msg=NewConnection DisableClientMultiStatements=false connectionID=73
time="2026-03-09T11:17:08+01:00" level=info msg=ConnectionClosed connectionID=72
time="2026-03-09T11:17:08+01:00" level=warning msg="error running query" connectTime="2026-03-09 11:17:08.383869 +0100 CET m=+127.190468584" connectionDb=beads_antwort connectionID=73 error="nothing to commit" queryTime="2026-03-09 11:17:08.390293 +0100 CET m=+127.196892667"
time="2026-03-09T11:17:08+01:00" level=info msg=ConnectionClosed connectionID=73
time="2026-03-09T11:17:08+01:00" level=info msg=NewConnection DisableClientMultiStatements=false connectionID=74
time="2026-03-09T11:17:08+01:00" level=info msg=ConnectionClosed connectionID=74
time="2026-03-09T11:17:08+01:00" level=info msg=NewConnection DisableClientMultiStatements=false connectionID=75
time="2026-03-09T11:17:08+01:00" level=info msg=NewConnection DisableClientMultiStatements=false connectionID=76
time="2026-03-09T11:17:08+01:00" level=info msg=ConnectionClosed connectionID=75
time="2026-03-09T11:17:08+01:00" level=warning msg="error running query" connectTime="2026-03-09 11:17:08.513165 +0100 CET m=+127.319763792" connectionDb=beads_antwort connectionID=76 error="nothing to commit" queryTime="2026-03-09 11:17:08.521113 +0100 CET m=+127.327711834"
time="2026-03-09T11:17:08+01:00" level=info msg=ConnectionClosed connectionID=76
time="2026-03-09T11:17:08+01:00" level=info msg=NewConnection DisableClientMultiStatements=false connectionID=77
time="2026-03-09T11:17:08+01:00" level=info msg=ConnectionClosed connectionID=77
time="2026-03-09T11:17:08+01:00" level=info msg=NewConnection DisableClientMultiStatements=false connectionID=78
time="2026-03-09T11:17:08+01:00" level=info msg=NewConnection DisableClientMultiStatements=false connectionID=79
time="2026-03-09T11:17:08+01:00" level=info msg=ConnectionClosed connectionID=78
time="2026-03-09T11:17:08+01:00" level=warning msg="error running query" connectTime="2026-03-09 11:17:08.632215 +0100 CET m=+127.438813292" connectionDb=beads_antwort connectionID=79 error="nothing to commit" queryTime="2026-03-09 11:17:08.639215 +0100 CET m=+127.445813167"
time="2026-03-09T11:17:08+01:00" level=info msg=ConnectionClosed connectionID=79
time="2026-03-09T11:17:08+01:00" level=info msg=NewConnection DisableClientMultiStatements=false connectionID=80
time="2026-03-09T11:17:08+01:00" level=info msg=ConnectionClosed connectionID=80
time="2026-03-09T11:17:08+01:00" level=info msg=NewConnection DisableClientMultiStatements=false connectionID=81
time="2026-03-09T11:17:08+01:00" level=info msg=NewConnection DisableClientMultiStatements=false connectionID=82
time="2026-03-09T11:17:08+01:00" level=info msg=ConnectionClosed connectionID=81
time="2026-03-09T11:17:08+01:00" level=warning msg="error running query" connectTime="2026-03-09 11:17:08.750667 +0100 CET m=+127.557264459" connectionDb=beads_antwort connectionID=82 error="nothing to commit" queryTime="2026-03-09 11:17:08.758334 +0100 CET m=+127.564932167"
time="2026-03-09T11:17:08+01:00" level=info msg=ConnectionClosed connectionID=82
time="2026-03-09T11:17:08+01:00" level=info msg=NewConnection DisableClientMultiStatements=false connectionID=83
time="2026-03-09T11:17:08+01:00" level=info msg=ConnectionClosed connectionID=83
time="2026-03-09T11:17:08+01:00" level=info msg=NewConnection DisableClientMultiStatements=false connectionID=84
time="2026-03-09T11:17:08+01:00" level=info msg=NewConnection DisableClientMultiStatements=false connectionID=85
time="2026-03-09T11:17:08+01:00" level=info msg=ConnectionClosed connectionID=84
time="2026-03-09T11:17:08+01:00" level=warning msg="error running query" connectTime="2026-03-09 11:17:08.870584 +0100 CET m=+127.677181584" connectionDb=beads_antwort connectionID=85 error="nothing to commit" queryTime="2026-03-09 11:17:08.878263 +0100 CET m=+127.684860042"
time="2026-03-09T11:17:08+01:00" level=info msg=ConnectionClosed connectionID=85
time="2026-03-09T11:17:08+01:00" level=info msg=NewConnection DisableClientMultiStatements=false connectionID=86
time="2026-03-09T11:17:08+01:00" level=info msg=ConnectionClosed connectionID=86
time="2026-03-09T11:17:08+01:00" level=info msg=NewConnection DisableClientMultiStatements=false connectionID=87
time="2026-03-09T11:17:08+01:00" level=info msg=NewConnection DisableClientMultiStatements=false connectionID=88
time="2026-03-09T11:17:08+01:00" level=info msg=ConnectionClosed connectionID=87
time="2026-03-09T11:17:09+01:00" level=warning msg="error running query" connectTime="2026-03-09 11:17:08.993956 +0100 CET m=+127.800552959" connectionDb=beads_antwort connectionID=88 error="nothing to commit" queryTime="2026-03-09 11:17:09.001368 +0100 CET m=+127.807965084"
time="2026-03-09T11:17:09+01:00" level=info msg=ConnectionClosed connectionID=88
time="2026-03-09T11:17:09+01:00" level=info msg=NewConnection DisableClientMultiStatements=false connectionID=89
time="2026-03-09T11:17:09+01:00" level=info msg=ConnectionClosed connectionID=89
time="2026-03-09T11:17:09+01:00" level=info msg=NewConnection DisableClientMultiStatements=false connectionID=90
time="2026-03-09T11:17:09+01:00" level=info msg=NewConnection DisableClientMultiStatements=false connectionID=91
time="2026-03-09T11:17:09+01:00" level=info msg=ConnectionClosed connectionID=90
time="2026-03-09T11:17:09+01:00" level=warning msg="error running query" connectTime="2026-03-09 11:17:09.1838 +0100 CET m=+127.990396126" connectionDb=beads_antwort connectionID=91 error="nothing to commit" queryTime="2026-03-09 11:17:09.189724 +0100 CET m=+127.996319709"
time="2026-03-09T11:17:09+01:00" level=info msg=ConnectionClosed connectionID=91
time="2026-03-09T11:17:09+01:00" level=info msg=NewConnection DisableClientMultiStatements=false connectionID=92
time="2026-03-09T11:17:09+01:00" level=info msg=ConnectionClosed connectionID=92
time="2026-03-09T11:17:09+01:00" level=info msg=NewConnection DisableClientMultiStatements=false connectionID=93
time="2026-03-09T11:17:09+01:00" level=info msg=NewConnection DisableClientMultiStatements=false connectionID=94
time="2026-03-09T11:17:09+01:00" level=info msg=ConnectionClosed connectionID=93
time="2026-03-09T11:17:09+01:00" level=warning msg="error running query" connectTime="2026-03-09 11:17:09.37606 +0100 CET m=+128.182654917" connectionDb=beads_antwort connectionID=94 error="nothing to commit" queryTime="2026-03-09 11:17:09.382697 +0100 CET m=+128.189292251"
time="2026-03-09T11:17:09+01:00" level=info msg=ConnectionClosed connectionID=94
time="2026-03-09T11:17:09+01:00" level=info msg=NewConnection DisableClientMultiStatements=false connectionID=95
time="2026-03-09T11:17:09+01:00" level=info msg=ConnectionClosed connectionID=95
time="2026-03-09T11:17:09+01:00" level=info msg=NewConnection DisableClientMultiStatements=false connectionID=96
time="2026-03-09T11:17:09+01:00" level=info msg=NewConnection DisableClientMultiStatements=false connectionID=97
time="2026-03-09T11:17:09+01:00" level=info msg=ConnectionClosed connectionID=96
time="2026-03-09T11:17:09+01:00" level=warning msg="error running query" connectTime="2026-03-09 11:17:09.49348 +0100 CET m=+128.300074417" connectionDb=beads_antwort connectionID=97 error="nothing to commit" queryTime="2026-03-09 11:17:09.499832 +0100 CET m=+128.306426917"
time="2026-03-09T11:17:09+01:00" level=info msg=ConnectionClosed connectionID=97
time="2026-03-09T11:17:09+01:00" level=info msg=NewConnection DisableClientMultiStatements=false connectionID=98
time="2026-03-09T11:17:09+01:00" level=info msg=ConnectionClosed connectionID=98
time="2026-03-09T11:17:09+01:00" level=info msg=NewConnection DisableClientMultiStatements=false connectionID=99
time="2026-03-09T11:17:09+01:00" level=info msg=NewConnection DisableClientMultiStatements=false connectionID=100
time="2026-03-09T11:17:09+01:00" level=info msg=ConnectionClosed connectionID=99
time="2026-03-09T11:17:09+01:00" level=warning msg="error running query" connectTime="2026-03-09 11:17:09.609377 +0100 CET m=+128.415971417" connectionDb=beads_antwort connectionID=100 error="nothing to commit" queryTime="2026-03-09 11:17:09.615895 +0100 CET m=+128.422488751"
time="2026-03-09T11:17:09+01:00" level=info msg=ConnectionClosed connectionID=100
time="2026-03-09T11:17:09+01:00" level=info msg=NewConnection DisableClientMultiStatements=false connectionID=101
time="2026-03-09T11:17:09+01:00" level=info msg=ConnectionClosed connectionID=101
time="2026-03-09T11:17:09+01:00" level=info msg=NewConnection DisableClientMultiStatements=false connectionID=102
time="2026-03-09T11:17:09+01:00" level=info msg=NewConnection DisableClientMultiStatements=false connectionID=103
time="2026-03-09T11:17:09+01:00" level=info msg=ConnectionClosed connectionID=102
time="2026-03-09T11:17:09+01:00" level=warning msg="error running query" connectTime="2026-03-09 11:17:09.733096 +0100 CET m=+128.539689959" connectionDb=beads_antwort connectionID=103 error="nothing to commit" queryTime="2026-03-09 11:17:09.739893 +0100 CET m=+128.546486209"
time="2026-03-09T11:17:09+01:00" level=info msg=ConnectionClosed connectionID=103
time="2026-03-09T11:17:09+01:00" level=info msg=NewConnection DisableClientMultiStatements=false connectionID=104
time="2026-03-09T11:17:09+01:00" level=info msg=ConnectionClosed connectionID=104
time="2026-03-09T11:17:09+01:00" level=info msg=NewConnection DisableClientMultiStatements=false connectionID=105
time="2026-03-09T11:17:09+01:00" level=info msg=NewConnection DisableClientMultiStatements=false connectionID=106
time="2026-03-09T11:17:09+01:00" level=info msg=ConnectionClosed connectionID=105
time="2026-03-09T11:17:09+01:00" level=warning msg="error running query" connectTime="2026-03-09 11:17:09.856665 +0100 CET m=+128.663257501" connectionDb=beads_antwort connectionID=106 error="nothing to commit" queryTime="2026-03-09 11:17:09.863897 +0100 CET m=+128.670489542"
time="2026-03-09T11:17:09+01:00" level=info msg=ConnectionClosed connectionID=106
time="2026-03-09T11:17:09+01:00" level=info msg=NewConnection DisableClientMultiStatements=false connectionID=107
time="2026-03-09T11:17:09+01:00" level=info msg=ConnectionClosed connectionID=107
time="2026-03-09T11:17:09+01:00" level=info msg=NewConnection DisableClientMultiStatements=false connectionID=108
time="2026-03-09T11:17:09+01:00" level=info msg=NewConnection DisableClientMultiStatements=false connectionID=109
time="2026-03-09T11:17:09+01:00" level=info msg=ConnectionClosed connectionID=108
time="2026-03-09T11:17:09+01:00" level=warning msg="error running query" connectTime="2026-03-09 11:17:09.977282 +0100 CET m=+128.783874126" connectionDb=beads_antwort connectionID=109 error="nothing to commit" queryTime="2026-03-09 11:17:09.983907 +0100 CET m=+128.790499001"
time="2026-03-09T11:17:10+01:00" level=info msg=ConnectionClosed connectionID=109
time="2026-03-09T11:17:10+01:00" level=info msg=NewConnection DisableClientMultiStatements=false connectionID=110
time="2026-03-09T11:17:10+01:00" level=info msg=ConnectionClosed connectionID=110
time="2026-03-09T11:17:10+01:00" level=info msg=NewConnection DisableClientMultiStatements=false connectionID=111
time="2026-03-09T11:17:10+01:00" level=info msg=NewConnection DisableClientMultiStatements=false connectionID=112
time="2026-03-09T11:17:10+01:00" level=info msg=ConnectionClosed connectionID=111
time="2026-03-09T11:17:10+01:00" level=warning msg="error running query" connectTime="2026-03-09 11:17:10.156699 +0100 CET m=+128.963290584" connectionDb=beads_antwort connectionID=112 error="nothing to commit" queryTime="2026-03-09 11:17:10.164868 +0100 CET m=+128.971459292"
time="2026-03-09T11:17:10+01:00" level=info msg=ConnectionClosed connectionID=112
time="2026-03-09T11:17:10+01:00" level=info msg=NewConnection DisableClientMultiStatements=false connectionID=113
time="2026-03-09T11:17:10+01:00" level=info msg=ConnectionClosed connectionID=113
time="2026-03-09T11:17:10+01:00" level=info msg=NewConnection DisableClientMultiStatements=false connectionID=114
time="2026-03-09T11:17:10+01:00" level=info msg=NewConnection DisableClientMultiStatements=false connectionID=115
time="2026-03-09T11:17:10+01:00" level=info msg=ConnectionClosed connectionID=114
time="2026-03-09T11:17:10+01:00" level=warning msg="error running query" connectTime="2026-03-09 11:17:10.321113 +0100 CET m=+129.127703792" connectionDb=beads_antwort connectionID=115 error="nothing to commit" queryTime="2026-03-09 11:17:10.328988 +0100 CET m=+129.135579042"
time="2026-03-09T11:17:10+01:00" level=info msg=ConnectionClosed connectionID=115
time="2026-03-09T11:17:10+01:00" level=info msg=NewConnection DisableClientMultiStatements=false connectionID=116
time="2026-03-09T11:17:10+01:00" level=info msg=ConnectionClosed connectionID=116
time="2026-03-09T11:17:10+01:00" level=info msg=NewConnection DisableClientMultiStatements=false connectionID=117
time="2026-03-09T11:17:10+01:00" level=info msg=NewConnection DisableClientMultiStatements=false connectionID=118
time="2026-03-09T11:17:10+01:00" level=info msg=ConnectionClosed connectionID=117
time="2026-03-09T11:17:10+01:00" level=warning msg="error running query" connectTime="2026-03-09 11:17:10.485844 +0100 CET m=+129.292434084" connectionDb=beads_antwort connectionID=118 error="nothing to commit" queryTime="2026-03-09 11:17:10.492873 +0100 CET m=+129.299463459"
time="2026-03-09T11:17:10+01:00" level=info msg=ConnectionClosed connectionID=118
time="2026-03-09T11:17:10+01:00" level=info msg=NewConnection DisableClientMultiStatements=false connectionID=119
time="2026-03-09T11:17:10+01:00" level=info msg=ConnectionClosed connectionID=119
time="2026-03-09T11:17:10+01:00" level=info msg=NewConnection DisableClientMultiStatements=false connectionID=120
time="2026-03-09T11:17:10+01:00" level=info msg=NewConnection DisableClientMultiStatements=false connectionID=121
time="2026-03-09T11:17:10+01:00" level=info msg=ConnectionClosed connectionID=120
time="2026-03-09T11:17:10+01:00" level=warning msg="error running query" connectTime="2026-03-09 11:17:10.599314 +0100 CET m=+129.405903501" connectionDb=beads_antwort connectionID=121 error="nothing to commit" queryTime="2026-03-09 11:17:10.609052 +0100 CET m=+129.415641959"
time="2026-03-09T11:17:10+01:00" level=info msg=ConnectionClosed connectionID=121
time="2026-03-09T11:17:10+01:00" level=info msg=NewConnection DisableClientMultiStatements=false connectionID=122
time="2026-03-09T11:17:10+01:00" level=info msg=ConnectionClosed connectionID=122
time="2026-03-09T11:17:10+01:00" level=info msg=NewConnection DisableClientMultiStatements=false connectionID=123
time="2026-03-09T11:17:10+01:00" level=info msg=NewConnection DisableClientMultiStatements=false connectionID=124
time="2026-03-09T11:17:10+01:00" level=info msg=ConnectionClosed connectionID=123
time="2026-03-09T11:17:10+01:00" level=warning msg="error running query" connectTime="2026-03-09 11:17:10.725131 +0100 CET m=+129.531720501" connectionDb=beads_antwort connectionID=124 error="nothing to commit" queryTime="2026-03-09 11:17:10.731939 +0100 CET m=+129.538528417"
time="2026-03-09T11:17:10+01:00" level=info msg=ConnectionClosed connectionID=124
time="2026-03-09T11:17:10+01:00" level=info msg=NewConnection DisableClientMultiStatements=false connectionID=125
time="2026-03-09T11:17:10+01:00" level=info msg=ConnectionClosed connectionID=125
time="2026-03-09T11:17:10+01:00" level=info msg=NewConnection DisableClientMultiStatements=false connectionID=126
time="2026-03-09T11:17:10+01:00" level=info msg=NewConnection DisableClientMultiStatements=false connectionID=127
time="2026-03-09T11:17:10+01:00" level=info msg=ConnectionClosed connectionID=126
time="2026-03-09T11:17:10+01:00" level=warning msg="error running query" connectTime="2026-03-09 11:17:10.852537 +0100 CET m=+129.659125167" connectionDb=beads_antwort connectionID=127 error="nothing to commit" queryTime="2026-03-09 11:17:10.859995 +0100 CET m=+129.666583251"
time="2026-03-09T11:17:10+01:00" level=info msg=ConnectionClosed connectionID=127
time="2026-03-09T11:17:10+01:00" level=info msg=NewConnection DisableClientMultiStatements=false connectionID=128
time="2026-03-09T11:17:10+01:00" level=info msg=ConnectionClosed connectionID=128
time="2026-03-09T11:17:10+01:00" level=info msg=NewConnection DisableClientMultiStatements=false connectionID=129
time="2026-03-09T11:17:10+01:00" level=info msg=NewConnection DisableClientMultiStatements=false connectionID=130
time="2026-03-09T11:17:10+01:00" level=info msg=ConnectionClosed connectionID=129
time="2026-03-09T11:17:10+01:00" level=warning msg="error running query" connectTime="2026-03-09 11:17:10.973914 +0100 CET m=+129.780502126" connectionDb=beads_antwort connectionID=130 error="nothing to commit" queryTime="2026-03-09 11:17:10.981158 +0100 CET m=+129.787745751"
time="2026-03-09T11:17:11+01:00" level=info msg=ConnectionClosed connectionID=130
time="2026-03-09T11:17:11+01:00" level=info msg=NewConnection DisableClientMultiStatements=false connectionID=131
time="2026-03-09T11:17:11+01:00" level=info msg=ConnectionClosed connectionID=131
time="2026-03-09T11:17:11+01:00" level=info msg=NewConnection DisableClientMultiStatements=false connectionID=132
time="2026-03-09T11:17:11+01:00" level=info msg=NewConnection DisableClientMultiStatements=false connectionID=133
time="2026-03-09T11:17:11+01:00" level=info msg=ConnectionClosed connectionID=132
time="2026-03-09T11:17:11+01:00" level=warning msg="error running query" connectTime="2026-03-09 11:17:11.167729 +0100 CET m=+129.974316167" connectionDb=beads_antwort connectionID=133 error="nothing to commit" queryTime="2026-03-09 11:17:11.175931 +0100 CET m=+129.982517792"
time="2026-03-09T11:17:11+01:00" level=info msg=ConnectionClosed connectionID=133
time="2026-03-09T11:17:11+01:00" level=info msg=NewConnection DisableClientMultiStatements=false connectionID=134
time="2026-03-09T11:17:11+01:00" level=info msg=ConnectionClosed connectionID=134
time="2026-03-09T11:17:11+01:00" level=info msg=NewConnection DisableClientMultiStatements=false connectionID=135
time="2026-03-09T11:17:11+01:00" level=info msg=NewConnection DisableClientMultiStatements=false connectionID=136
time="2026-03-09T11:17:11+01:00" level=info msg=ConnectionClosed connectionID=135
time="2026-03-09T11:17:11+01:00" level=warning msg="error running query" connectTime="2026-03-09 11:17:11.34048 +0100 CET m=+130.147066626" connectionDb=beads_antwort connectionID=136 error="nothing to commit" queryTime="2026-03-09 11:17:11.346959 +0100 CET m=+130.153545501"
time="2026-03-09T11:17:11+01:00" level=info msg=ConnectionClosed connectionID=136
time="2026-03-09T11:17:11+01:00" level=info msg=NewConnection DisableClientMultiStatements=false connectionID=137
time="2026-03-09T11:17:11+01:00" level=info msg=ConnectionClosed connectionID=137
time="2026-03-09T11:17:11+01:00" level=info msg=NewConnection DisableClientMultiStatements=false connectionID=138
time="2026-03-09T11:17:11+01:00" level=info msg=NewConnection DisableClientMultiStatements=false connectionID=139
time="2026-03-09T11:17:11+01:00" level=info msg=ConnectionClosed connectionID=138
time="2026-03-09T11:17:11+01:00" level=warning msg="error running query" connectTime="2026-03-09 11:17:11.504644 +0100 CET m=+130.311229251" connectionDb=beads_antwort connectionID=139 error="nothing to commit" queryTime="2026-03-09 11:17:11.510999 +0100 CET m=+130.317584584"
time="2026-03-09T11:17:11+01:00" level=info msg=ConnectionClosed connectionID=139
time="2026-03-09T11:17:11+01:00" level=info msg=NewConnection DisableClientMultiStatements=false connectionID=140
time="2026-03-09T11:17:11+01:00" level=info msg=ConnectionClosed connectionID=140
time="2026-03-09T11:17:11+01:00" level=info msg=NewConnection DisableClientMultiStatements=false connectionID=141
time="2026-03-09T11:17:11+01:00" level=info msg=NewConnection DisableClientMultiStatements=false connectionID=142
time="2026-03-09T11:17:11+01:00" level=info msg=ConnectionClosed connectionID=141
time="2026-03-09T11:17:11+01:00" level=warning msg="error running query" connectTime="2026-03-09 11:17:11.626158 +0100 CET m=+130.432743001" connectionDb=beads_antwort connectionID=142 error="nothing to commit" queryTime="2026-03-09 11:17:11.632972 +0100 CET m=+130.439557542"
time="2026-03-09T11:17:11+01:00" level=info msg=ConnectionClosed connectionID=142
time="2026-03-09T11:17:11+01:00" level=info msg=NewConnection DisableClientMultiStatements=false connectionID=143
time="2026-03-09T11:17:11+01:00" level=info msg=ConnectionClosed connectionID=143
time="2026-03-09T11:17:11+01:00" level=info msg=NewConnection DisableClientMultiStatements=false connectionID=144
time="2026-03-09T11:17:11+01:00" level=info msg=NewConnection DisableClientMultiStatements=false connectionID=145
time="2026-03-09T11:17:11+01:00" level=info msg=ConnectionClosed connectionID=144
time="2026-03-09T11:17:11+01:00" level=warning msg="error running query" connectTime="2026-03-09 11:17:11.743079 +0100 CET m=+130.549663667" connectionDb=beads_antwort connectionID=145 error="nothing to commit" queryTime="2026-03-09 11:17:11.752963 +0100 CET m=+130.559548084"
time="2026-03-09T11:17:11+01:00" level=info msg=ConnectionClosed connectionID=145
time="2026-03-09T11:17:11+01:00" level=info msg=NewConnection DisableClientMultiStatements=false connectionID=146
time="2026-03-09T11:17:11+01:00" level=info msg=ConnectionClosed connectionID=146
time="2026-03-09T11:17:11+01:00" level=info msg=NewConnection DisableClientMultiStatements=false connectionID=147
time="2026-03-09T11:17:11+01:00" level=info msg=NewConnection DisableClientMultiStatements=false connectionID=148
time="2026-03-09T11:17:11+01:00" level=info msg=ConnectionClosed connectionID=147
time="2026-03-09T11:17:11+01:00" level=warning msg="error running query" connectTime="2026-03-09 11:17:11.864861 +0100 CET m=+130.671445167" connectionDb=beads_antwort connectionID=148 error="nothing to commit" queryTime="2026-03-09 11:17:11.871935 +0100 CET m=+130.678519417"
time="2026-03-09T11:17:11+01:00" level=info msg=ConnectionClosed connectionID=148
time="2026-03-09T11:17:11+01:00" level=info msg=NewConnection DisableClientMultiStatements=false connectionID=149
time="2026-03-09T11:17:11+01:00" level=info msg=ConnectionClosed connectionID=149
time="2026-03-09T11:17:11+01:00" level=info msg=NewConnection DisableClientMultiStatements=false connectionID=150
time="2026-03-09T11:17:11+01:00" level=info msg=NewConnection DisableClientMultiStatements=false connectionID=151
time="2026-03-09T11:17:11+01:00" level=info msg=ConnectionClosed connectionID=150
time="2026-03-09T11:17:11+01:00" level=warning msg="error running query" connectTime="2026-03-09 11:17:11.98501 +0100 CET m=+130.791593876" connectionDb=beads_antwort connectionID=151 error="nothing to commit" queryTime="2026-03-09 11:17:11.993327 +0100 CET m=+130.799910542"
time="2026-03-09T11:17:12+01:00" level=info msg=ConnectionClosed connectionID=151
time="2026-03-09T11:17:12+01:00" level=info msg=NewConnection DisableClientMultiStatements=false connectionID=152
time="2026-03-09T11:17:12+01:00" level=info msg=ConnectionClosed connectionID=152
time="2026-03-09T11:17:12+01:00" level=info msg=NewConnection DisableClientMultiStatements=false connectionID=153
time="2026-03-09T11:17:12+01:00" level=info msg=NewConnection DisableClientMultiStatements=false connectionID=154
time="2026-03-09T11:17:12+01:00" level=info msg=ConnectionClosed connectionID=153
time="2026-03-09T11:17:12+01:00" level=warning msg="error running query" connectTime="2026-03-09 11:17:12.145049 +0100 CET m=+130.951632209" connectionDb=beads_antwort connectionID=154 error="nothing to commit" queryTime="2026-03-09 11:17:12.152873 +0100 CET m=+130.959455834"
time="2026-03-09T11:17:12+01:00" level=info msg=ConnectionClosed connectionID=154
time="2026-03-09T11:17:18+01:00" level=info msg=NewConnection DisableClientMultiStatements=false connectionID=155
time="2026-03-09T11:17:18+01:00" level=info msg=ConnectionClosed connectionID=155
time="2026-03-09T11:17:18+01:00" level=info msg=NewConnection DisableClientMultiStatements=false connectionID=156
time="2026-03-09T11:17:18+01:00" level=info msg=NewConnection DisableClientMultiStatements=false connectionID=157
time="2026-03-09T11:17:18+01:00" level=info msg=ConnectionClosed connectionID=156
time="2026-03-09T11:17:18+01:00" level=info msg=ConnectionClosed connectionID=157
time="2026-03-09T11:45:03+01:00" level=info msg=NewConnection DisableClientMultiStatements=false connectionID=158
time="2026-03-09T11:45:03+01:00" level=info msg=ConnectionClosed connectionID=158
time="2026-03-09T11:45:03+01:00" level=info msg="Server closing listener. No longer accepting connections."
time="2026-03-09T11:45:03+01:00" level=info msg="stats stopped: context canceled"
Starting server with Config HP="127.0.0.1:13896"|T="28800000"|R="false"|L="info"
time="2026-03-09T11:54:04+01:00" level=info msg="Server ready. Accepting connections."
time="2026-03-09T11:54:04+01:00" level=warning msg="secure_file_priv is set to \"\", which is insecure."
time="2026-03-09T11:54:04+01:00" level=warning msg="Any user with GRANT FILE privileges will be able to read any file which the sql-server process can read."
time="2026-03-09T11:54:04+01:00" level=warning msg="Please consider restarting the server with secure_file_priv set to a safe (or non-existent) directory."
time="2026-03-09T11:54:04+01:00" level=info msg=NewConnection DisableClientMultiStatements=false connectionID=1
time="2026-03-09T11:54:04+01:00" level=info msg=ConnectionClosed connectionID=1
time="2026-03-09T11:54:04+01:00" level=info msg=NewConnection DisableClientMultiStatements=false connectionID=2
time="2026-03-09T11:54:04+01:00" level=info msg=ConnectionClosed connectionID=2
time="2026-03-09T11:54:04+01:00" level=info msg=NewConnection DisableClientMultiStatements=false connectionID=3
time="2026-03-09T11:54:04+01:00" level=info msg=NewConnection DisableClientMultiStatements=false connectionID=4
time="2026-03-09T11:54:04+01:00" level=info msg=ConnectionClosed connectionID=3
time="2026-03-09T11:54:04+01:00" level=info msg=ConnectionClosed connectionID=4
time="2026-03-09T11:54:15+01:00" level=info msg=NewConnection DisableClientMultiStatements=false connectionID=5
time="2026-03-09T11:54:15+01:00" level=info msg=ConnectionClosed connectionID=5
time="2026-03-09T11:54:15+01:00" level=info msg=NewConnection DisableClientMultiStatements=false connectionID=6
time="2026-03-09T11:54:15+01:00" level=info msg=NewConnection DisableClientMultiStatements=false connectionID=7
time="2026-03-09T11:54:15+01:00" level=info msg=ConnectionClosed connectionID=6
time="2026-03-09T11:54:15+01:00" level=info msg=ConnectionClosed connectionID=7
time="2026-03-09T11:54:18+01:00" level=info msg=NewConnection DisableClientMultiStatements=false connectionID=8
time="2026-03-09T11:54:18+01:00" level=info msg=ConnectionClosed connectionID=8
time="2026-03-09T11:54:18+01:00" level=info msg=NewConnection DisableClientMultiStatements=false connectionID=9
time="2026-03-09T11:54:18+01:00" level=info msg=NewConnection DisableClientMultiStatements=false connectionID=10
time="2026-03-09T11:54:18+01:00" level=info msg=ConnectionClosed connectionID=9
time="2026-03-09T11:54:18+01:00" level=info msg=ConnectionClosed connectionID=10
time="2026-03-09T11:56:11+01:00" level=info msg=NewConnection DisableClientMultiStatements=false connectionID=11
time="2026-03-09T11:56:11+01:00" level=info msg=ConnectionClosed connectionID=11
time="2026-03-09T11:56:11+01:00" level=info msg=NewConnection DisableClientMultiStatements=false connectionID=12
time="2026-03-09T11:56:11+01:00" level=info msg=NewConnection DisableClientMultiStatements=false connectionID=13
time="2026-03-09T11:56:11+01:00" level=info msg=ConnectionClosed connectionID=12
time="2026-03-09T11:56:11+01:00" level=warning msg="error running query" connectTime="2026-03-09 11:56:11.840933 +0100 CET m=+127.882745792" connectionDb=beads_antwort connectionID=13 error="nothing to commit" queryTime="2026-03-09 11:56:11.851335 +0100 CET m=+127.893147542"
time="2026-03-09T11:56:11+01:00" level=info msg=ConnectionClosed connectionID=13
time="2026-03-09T11:56:11+01:00" level=info msg=NewConnection DisableClientMultiStatements=false connectionID=14
time="2026-03-09T11:56:11+01:00" level=info msg=ConnectionClosed connectionID=14
time="2026-03-09T11:56:11+01:00" level=info msg=NewConnection DisableClientMultiStatements=false connectionID=15
time="2026-03-09T11:56:11+01:00" level=info msg=NewConnection DisableClientMultiStatements=false connectionID=16
time="2026-03-09T11:56:11+01:00" level=info msg=ConnectionClosed connectionID=15
time="2026-03-09T11:56:11+01:00" level=warning msg="error running query" connectTime="2026-03-09 11:56:11.928813 +0100 CET m=+127.970626126" connectionDb=beads_antwort connectionID=16 error="nothing to commit" queryTime="2026-03-09 11:56:11.938133 +0100 CET m=+127.979945167"
time="2026-03-09T11:56:11+01:00" level=info msg=ConnectionClosed connectionID=16
time="2026-03-09T11:56:12+01:00" level=info msg=NewConnection DisableClientMultiStatements=false connectionID=17
time="2026-03-09T11:56:12+01:00" level=info msg=ConnectionClosed connectionID=17
time="2026-03-09T11:56:12+01:00" level=info msg=NewConnection DisableClientMultiStatements=false connectionID=18
time="2026-03-09T11:56:12+01:00" level=info msg=NewConnection DisableClientMultiStatements=false connectionID=19
time="2026-03-09T11:56:12+01:00" level=info msg=ConnectionClosed connectionID=18
time="2026-03-09T11:56:12+01:00" level=warning msg="error running query" connectTime="2026-03-09 11:56:12.014668 +0100 CET m=+128.056480334" connectionDb=beads_antwort connectionID=19 error="nothing to commit" queryTime="2026-03-09 11:56:12.024354 +0100 CET m=+128.066166126"
time="2026-03-09T11:56:12+01:00" level=info msg=ConnectionClosed connectionID=19
time="2026-03-09T11:56:12+01:00" level=info msg=NewConnection DisableClientMultiStatements=false connectionID=20
time="2026-03-09T11:56:12+01:00" level=info msg=ConnectionClosed connectionID=20
time="2026-03-09T11:56:12+01:00" level=info msg=NewConnection DisableClientMultiStatements=false connectionID=21
time="2026-03-09T11:56:12+01:00" level=info msg=NewConnection DisableClientMultiStatements=false connectionID=22
time="2026-03-09T11:56:12+01:00" level=info msg=ConnectionClosed connectionID=21
time="2026-03-09T11:56:12+01:00" level=warning msg="error running query" connectTime="2026-03-09 11:56:12.100572 +0100 CET m=+128.142383417" connectionDb=beads_antwort connectionID=22 error="nothing to commit" queryTime="2026-03-09 11:56:12.109213 +0100 CET m=+128.151024751"
time="2026-03-09T11:56:12+01:00" level=info msg=ConnectionClosed connectionID=22
time="2026-03-09T11:58:55+01:00" level=info msg=NewConnection DisableClientMultiStatements=false connectionID=23
time="2026-03-09T11:58:55+01:00" level=info msg=ConnectionClosed connectionID=23
time="2026-03-09T11:58:55+01:00" level=info msg=NewConnection DisableClientMultiStatements=false connectionID=24
time="2026-03-09T11:58:55+01:00" level=info msg=NewConnection DisableClientMultiStatements=false connectionID=25
time="2026-03-09T11:58:55+01:00" level=info msg=ConnectionClosed connectionID=24
time="2026-03-09T11:58:55+01:00" level=warning msg="error running query" connectTime="2026-03-09 11:58:55.950814 +0100 CET m=+291.991869417" connectionDb=beads_antwort connectionID=25 error="nothing to commit" queryTime="2026-03-09 11:58:55.958303 +0100 CET m=+291.999358417"
time="2026-03-09T11:58:56+01:00" level=info msg=ConnectionClosed connectionID=25
time="2026-03-09T11:58:56+01:00" level=info msg=NewConnection DisableClientMultiStatements=false connectionID=26
time="2026-03-09T11:58:56+01:00" level=info msg=ConnectionClosed connectionID=26
time="2026-03-09T11:58:56+01:00" level=info msg=NewConnection DisableClientMultiStatements=false connectionID=27
time="2026-03-09T11:58:56+01:00" level=info msg=NewConnection DisableClientMultiStatements=false connectionID=28
time="2026-03-09T11:58:56+01:00" level=info msg=ConnectionClosed connectionID=27
time="2026-03-09T11:58:56+01:00" level=warning msg="error running query" connectTime="2026-03-09 11:58:56.075287 +0100 CET m=+292.116341751" connectionDb=beads_antwort connectionID=28 error="nothing to commit" queryTime="2026-03-09 11:58:56.082665 +0100 CET m=+292.123719209"
time="2026-03-09T11:58:56+01:00" level=info msg=ConnectionClosed connectionID=28
time="2026-03-09T11:58:56+01:00" level=info msg=NewConnection DisableClientMultiStatements=false connectionID=29
time="2026-03-09T11:58:56+01:00" level=info msg=ConnectionClosed connectionID=29
time="2026-03-09T11:58:56+01:00" level=info msg=NewConnection DisableClientMultiStatements=false connectionID=30
time="2026-03-09T11:58:56+01:00" level=info msg=NewConnection DisableClientMultiStatements=false connectionID=31
time="2026-03-09T11:58:56+01:00" level=info msg=ConnectionClosed connectionID=30
time="2026-03-09T11:58:56+01:00" level=warning msg="error running query" connectTime="2026-03-09 11:58:56.184358 +0100 CET m=+292.225411959" connectionDb=beads_antwort connectionID=31 error="nothing to commit" queryTime="2026-03-09 11:58:56.190694 +0100 CET m=+292.231748334"
time="2026-03-09T11:58:56+01:00" level=info msg=ConnectionClosed connectionID=31
time="2026-03-09T11:58:56+01:00" level=info msg=NewConnection DisableClientMultiStatements=false connectionID=32
time="2026-03-09T11:58:56+01:00" level=info msg=ConnectionClosed connectionID=32
time="2026-03-09T11:58:56+01:00" level=info msg=NewConnection DisableClientMultiStatements=false connectionID=33
time="2026-03-09T11:58:56+01:00" level=info msg=NewConnection DisableClientMultiStatements=false connectionID=34
time="2026-03-09T11:58:56+01:00" level=info msg=ConnectionClosed connectionID=33
time="2026-03-09T11:58:56+01:00" level=warning msg="error running query" connectTime="2026-03-09 11:58:56.281842 +0100 CET m=+292.322896001" connectionDb=beads_antwort connectionID=34 error="nothing to commit" queryTime="2026-03-09 11:58:56.289777 +0100 CET m=+292.330830584"
time="2026-03-09T11:58:56+01:00" level=info msg=ConnectionClosed connectionID=34
time="2026-03-09T11:58:56+01:00" level=info msg=NewConnection DisableClientMultiStatements=false connectionID=35
time="2026-03-09T11:58:56+01:00" level=info msg=ConnectionClosed connectionID=35
time="2026-03-09T11:58:56+01:00" level=info msg=NewConnection DisableClientMultiStatements=false connectionID=36
time="2026-03-09T11:58:56+01:00" level=info msg=NewConnection DisableClientMultiStatements=false connectionID=37
time="2026-03-09T11:58:56+01:00" level=info msg=ConnectionClosed connectionID=36
time="2026-03-09T11:58:56+01:00" level=warning msg="error running query" connectTime="2026-03-09 11:58:56.358343 +0100 CET m=+292.399395959" connectionDb=beads_antwort connectionID=37 error="nothing to commit" queryTime="2026-03-09 11:58:56.36563 +0100 CET m=+292.406683542"
time="2026-03-09T11:58:56+01:00" level=info msg=ConnectionClosed connectionID=37
time="2026-03-09T11:58:56+01:00" level=info msg=NewConnection DisableClientMultiStatements=false connectionID=38
time="2026-03-09T11:58:56+01:00" level=info msg=ConnectionClosed connectionID=38
time="2026-03-09T11:58:56+01:00" level=info msg=NewConnection DisableClientMultiStatements=false connectionID=39
time="2026-03-09T11:58:56+01:00" level=info msg=NewConnection DisableClientMultiStatements=false connectionID=40
time="2026-03-09T11:58:56+01:00" level=info msg=ConnectionClosed connectionID=39
time="2026-03-09T11:58:56+01:00" level=warning msg="error running query" connectTime="2026-03-09 11:58:56.428989 +0100 CET m=+292.470041542" connectionDb=beads_antwort connectionID=40 error="nothing to commit" queryTime="2026-03-09 11:58:56.437751 +0100 CET m=+292.478804334"
time="2026-03-09T11:58:56+01:00" level=info msg=ConnectionClosed connectionID=40
time="2026-03-09T12:00:11+01:00" level=info msg=NewConnection DisableClientMultiStatements=false connectionID=41
time="2026-03-09T12:00:11+01:00" level=info msg=ConnectionClosed connectionID=41
time="2026-03-09T12:00:11+01:00" level=info msg=NewConnection DisableClientMultiStatements=false connectionID=42
time="2026-03-09T12:00:11+01:00" level=info msg=NewConnection DisableClientMultiStatements=false connectionID=43
time="2026-03-09T12:00:11+01:00" level=info msg=ConnectionClosed connectionID=42
time="2026-03-09T12:00:11+01:00" level=warning msg="error running query" connectTime="2026-03-09 12:00:11.606834 +0100 CET m=+367.647539626" connectionDb=beads_antwort connectionID=43 error="nothing to commit" queryTime="2026-03-09 12:00:11.614901 +0100 CET m=+367.655606959"
time="2026-03-09T12:00:11+01:00" level=info msg=ConnectionClosed connectionID=43
time="2026-03-09T12:00:11+01:00" level=info msg=NewConnection DisableClientMultiStatements=false connectionID=44
time="2026-03-09T12:00:11+01:00" level=info msg=ConnectionClosed connectionID=44
time="2026-03-09T12:00:11+01:00" level=info msg=NewConnection DisableClientMultiStatements=false connectionID=45
time="2026-03-09T12:00:11+01:00" level=info msg=NewConnection DisableClientMultiStatements=false connectionID=46
time="2026-03-09T12:00:11+01:00" level=info msg=ConnectionClosed connectionID=45
time="2026-03-09T12:00:11+01:00" level=warning msg="error running query" connectTime="2026-03-09 12:00:11.725404 +0100 CET m=+367.766108709" connectionDb=beads_antwort connectionID=46 error="nothing to commit" queryTime="2026-03-09 12:00:11.73384 +0100 CET m=+367.774544792"
time="2026-03-09T12:00:11+01:00" level=info msg=ConnectionClosed connectionID=46
time="2026-03-09T12:00:11+01:00" level=info msg=NewConnection DisableClientMultiStatements=false connectionID=47
time="2026-03-09T12:00:11+01:00" level=info msg=ConnectionClosed connectionID=47
time="2026-03-09T12:00:11+01:00" level=info msg=NewConnection DisableClientMultiStatements=false connectionID=48
time="2026-03-09T12:00:11+01:00" level=info msg=NewConnection DisableClientMultiStatements=false connectionID=49
time="2026-03-09T12:00:11+01:00" level=info msg=ConnectionClosed connectionID=48
time="2026-03-09T12:00:11+01:00" level=warning msg="error running query" connectTime="2026-03-09 12:00:11.798547 +0100 CET m=+367.839251959" connectionDb=beads_antwort connectionID=49 error="nothing to commit" queryTime="2026-03-09 12:00:11.806044 +0100 CET m=+367.846748292"
time="2026-03-09T12:00:11+01:00" level=info msg=ConnectionClosed connectionID=49
time="2026-03-09T12:01:11+01:00" level=info msg=NewConnection DisableClientMultiStatements=false connectionID=50
time="2026-03-09T12:01:11+01:00" level=info msg=ConnectionClosed connectionID=50
time="2026-03-09T12:01:11+01:00" level=info msg=NewConnection DisableClientMultiStatements=false connectionID=51
time="2026-03-09T12:01:11+01:00" level=info msg=NewConnection DisableClientMultiStatements=false connectionID=52
time="2026-03-09T12:01:11+01:00" level=info msg=ConnectionClosed connectionID=51
time="2026-03-09T12:01:11+01:00" level=warning msg="error running query" connectTime="2026-03-09 12:01:11.745067 +0100 CET m=+427.785494917" connectionDb=beads_antwort connectionID=52 error="nothing to commit" queryTime="2026-03-09 12:01:11.771002 +0100 CET m=+427.811430209"
time="2026-03-09T12:01:11+01:00" level=info msg=ConnectionClosed connectionID=52
time="2026-03-09T12:01:11+01:00" level=info msg=NewConnection DisableClientMultiStatements=false connectionID=53
time="2026-03-09T12:01:11+01:00" level=info msg=ConnectionClosed connectionID=53
time="2026-03-09T12:01:11+01:00" level=info msg=NewConnection DisableClientMultiStatements=false connectionID=54
time="2026-03-09T12:01:11+01:00" level=info msg=NewConnection DisableClientMultiStatements=false connectionID=55
time="2026-03-09T12:01:11+01:00" level=info msg=ConnectionClosed connectionID=54
time="2026-03-09T12:01:11+01:00" level=warning msg="error running query" connectTime="2026-03-09 12:01:11.848527 +0100 CET m=+427.888954959" connectionDb=beads_antwort connectionID=55 error="nothing to commit" queryTime="2026-03-09 12:01:11.85698 +0100 CET m=+427.897407417"
time="2026-03-09T12:01:11+01:00" level=info msg=ConnectionClosed connectionID=55
time="2026-03-09T12:01:11+01:00" level=info msg=NewConnection DisableClientMultiStatements=false connectionID=56
time="2026-03-09T12:01:11+01:00" level=info msg=ConnectionClosed connectionID=56
time="2026-03-09T12:01:11+01:00" level=info msg=NewConnection DisableClientMultiStatements=false connectionID=57
time="2026-03-09T12:01:11+01:00" level=info msg=NewConnection DisableClientMultiStatements=false connectionID=58
time="2026-03-09T12:01:11+01:00" level=info msg=ConnectionClosed connectionID=57
time="2026-03-09T12:01:11+01:00" level=warning msg="error running query" connectTime="2026-03-09 12:01:11.939222 +0100 CET m=+427.979649501" connectionDb=beads_antwort connectionID=58 error="nothing to commit" queryTime="2026-03-09 12:01:11.947225 +0100 CET m=+427.987652334"
time="2026-03-09T12:01:11+01:00" level=info msg=ConnectionClosed connectionID=58
time="2026-03-09T12:01:12+01:00" level=info msg=NewConnection DisableClientMultiStatements=false connectionID=59
time="2026-03-09T12:01:12+01:00" level=info msg=ConnectionClosed connectionID=59
time="2026-03-09T12:01:12+01:00" level=info msg=NewConnection DisableClientMultiStatements=false connectionID=60
time="2026-03-09T12:01:12+01:00" level=info msg=NewConnection DisableClientMultiStatements=false connectionID=61
time="2026-03-09T12:01:12+01:00" level=info msg=ConnectionClosed connectionID=60
time="2026-03-09T12:01:12+01:00" level=warning msg="error running query" connectTime="2026-03-09 12:01:12.020849 +0100 CET m=+428.061275376" connectionDb=beads_antwort connectionID=61 error="nothing to commit" queryTime="2026-03-09 12:01:12.030291 +0100 CET m=+428.070717959"
time="2026-03-09T12:01:12+01:00" level=info msg=ConnectionClosed connectionID=61
time="2026-03-09T12:01:12+01:00" level=info msg=NewConnection DisableClientMultiStatements=false connectionID=62
time="2026-03-09T12:01:12+01:00" level=info msg=ConnectionClosed connectionID=62
time="2026-03-09T12:01:12+01:00" level=info msg=NewConnection DisableClientMultiStatements=false connectionID=63
time="2026-03-09T12:01:12+01:00" level=info msg=NewConnection DisableClientMultiStatements=false connectionID=64
time="2026-03-09T12:01:12+01:00" level=info msg=ConnectionClosed connectionID=63
time="2026-03-09T12:01:12+01:00" level=warning msg="error running query" connectTime="2026-03-09 12:01:12.109596 +0100 CET m=+428.150022292" connectionDb=beads_antwort connectionID=64 error="nothing to commit" queryTime="2026-03-09 12:01:12.119066 +0100 CET m=+428.159492417"
time="2026-03-09T12:01:12+01:00" level=info msg=ConnectionClosed connectionID=64
time="2026-03-09T12:01:51+01:00" level=info msg=NewConnection DisableClientMultiStatements=false connectionID=65
time="2026-03-09T12:01:51+01:00" level=info msg=ConnectionClosed connectionID=65
time="2026-03-09T12:01:51+01:00" level=info msg=NewConnection DisableClientMultiStatements=false connectionID=66
time="2026-03-09T12:01:51+01:00" level=info msg=NewConnection DisableClientMultiStatements=false connectionID=67
time="2026-03-09T12:01:51+01:00" level=info msg=ConnectionClosed connectionID=66
time="2026-03-09T12:01:51+01:00" level=warning msg="error running query" connectTime="2026-03-09 12:01:51.500245 +0100 CET m=+467.540489501" connectionDb=beads_antwort connectionID=67 error="nothing to commit" queryTime="2026-03-09 12:01:51.507836 +0100 CET m=+467.548079917"
time="2026-03-09T12:01:51+01:00" level=info msg=ConnectionClosed connectionID=67
time="2026-03-09T12:01:51+01:00" level=info msg=NewConnection DisableClientMultiStatements=false connectionID=68
time="2026-03-09T12:01:51+01:00" level=info msg=ConnectionClosed connectionID=68
time="2026-03-09T12:01:51+01:00" level=info msg=NewConnection DisableClientMultiStatements=false connectionID=69
time="2026-03-09T12:01:51+01:00" level=info msg=NewConnection DisableClientMultiStatements=false connectionID=70
time="2026-03-09T12:01:51+01:00" level=info msg=ConnectionClosed connectionID=69
time="2026-03-09T12:01:51+01:00" level=warning msg="error running query" connectTime="2026-03-09 12:01:51.57768 +0100 CET m=+467.617924042" connectionDb=beads_antwort connectionID=70 error="nothing to commit" queryTime="2026-03-09 12:01:51.58502 +0100 CET m=+467.625264126"
time="2026-03-09T12:01:51+01:00" level=info msg=ConnectionClosed connectionID=70
time="2026-03-09T12:02:03+01:00" level=info msg=NewConnection DisableClientMultiStatements=false connectionID=71
time="2026-03-09T12:02:03+01:00" level=info msg=ConnectionClosed connectionID=71
time="2026-03-09T12:02:03+01:00" level=info msg=NewConnection DisableClientMultiStatements=false connectionID=72
time="2026-03-09T12:02:03+01:00" level=info msg=NewConnection DisableClientMultiStatements=false connectionID=73
time="2026-03-09T12:02:03+01:00" level=info msg=ConnectionClosed connectionID=72
time="2026-03-09T12:02:03+01:00" level=info msg=ConnectionClosed connectionID=73
time="2026-03-09T12:04:11+01:00" level=info msg=NewConnection DisableClientMultiStatements=false connectionID=74
time="2026-03-09T12:04:11+01:00" level=info msg=ConnectionClosed connectionID=74
time="2026-03-09T12:04:11+01:00" level=info msg=NewConnection DisableClientMultiStatements=false connectionID=75
time="2026-03-09T12:04:11+01:00" level=info msg=NewConnection DisableClientMultiStatements=false connectionID=76
time="2026-03-09T12:04:11+01:00" level=info msg=ConnectionClosed connectionID=75
time="2026-03-09T12:04:11+01:00" level=warning msg="error running query" connectTime="2026-03-09 12:04:11.340311 +0100 CET m=+607.379909834" connectionDb=beads_antwort connectionID=76 error="nothing to commit" queryTime="2026-03-09 12:04:11.350464 +0100 CET m=+607.390062501"
time="2026-03-09T12:04:11+01:00" level=info msg=ConnectionClosed connectionID=76
time="2026-03-09T12:04:11+01:00" level=info msg=NewConnection DisableClientMultiStatements=false connectionID=77
time="2026-03-09T12:04:11+01:00" level=info msg=ConnectionClosed connectionID=77
time="2026-03-09T12:04:11+01:00" level=info msg=NewConnection DisableClientMultiStatements=false connectionID=78
time="2026-03-09T12:04:11+01:00" level=info msg=NewConnection DisableClientMultiStatements=false connectionID=79
time="2026-03-09T12:04:11+01:00" level=info msg=ConnectionClosed connectionID=78
time="2026-03-09T12:04:11+01:00" level=warning msg="error running query" connectTime="2026-03-09 12:04:11.417712 +0100 CET m=+607.457310084" connectionDb=beads_antwort connectionID=79 error="nothing to commit" queryTime="2026-03-09 12:04:11.426529 +0100 CET m=+607.466127542"
time="2026-03-09T12:04:11+01:00" level=info msg=ConnectionClosed connectionID=79
time="2026-03-09T12:04:11+01:00" level=info msg=NewConnection DisableClientMultiStatements=false connectionID=80
time="2026-03-09T12:04:11+01:00" level=info msg=ConnectionClosed connectionID=80
time="2026-03-09T12:04:11+01:00" level=info msg=NewConnection DisableClientMultiStatements=false connectionID=81
time="2026-03-09T12:04:11+01:00" level=info msg=NewConnection DisableClientMultiStatements=false connectionID=82
time="2026-03-09T12:04:11+01:00" level=info msg=ConnectionClosed connectionID=81
time="2026-03-09T12:04:11+01:00" level=warning msg="error running query" connectTime="2026-03-09 12:04:11.493812 +0100 CET m=+607.533410376" connectionDb=beads_antwort connectionID=82 error="nothing to commit" queryTime="2026-03-09 12:04:11.500976 +0100 CET m=+607.540574001"
time="2026-03-09T12:04:11+01:00" level=info msg=ConnectionClosed connectionID=82
time="2026-03-09T12:04:11+01:00" level=info msg=NewConnection DisableClientMultiStatements=false connectionID=83
time="2026-03-09T12:04:11+01:00" level=info msg=ConnectionClosed connectionID=83
time="2026-03-09T12:04:11+01:00" level=info msg=NewConnection DisableClientMultiStatements=false connectionID=84
time="2026-03-09T12:04:11+01:00" level=info msg=NewConnection DisableClientMultiStatements=false connectionID=85
time="2026-03-09T12:04:11+01:00" level=info msg=ConnectionClosed connectionID=84
time="2026-03-09T12:04:11+01:00" level=warning msg="error running query" connectTime="2026-03-09 12:04:11.603669 +0100 CET m=+607.643265959" connectionDb=beads_antwort connectionID=85 error="nothing to commit" queryTime="2026-03-09 12:04:11.612393 +0100 CET m=+607.651990459"
time="2026-03-09T12:04:11+01:00" level=info msg=ConnectionClosed connectionID=85
time="2026-03-09T12:04:11+01:00" level=info msg=NewConnection DisableClientMultiStatements=false connectionID=86
time="2026-03-09T12:04:11+01:00" level=info msg=ConnectionClosed connectionID=86
time="2026-03-09T12:04:11+01:00" level=info msg=NewConnection DisableClientMultiStatements=false connectionID=87
time="2026-03-09T12:04:11+01:00" level=info msg=NewConnection DisableClientMultiStatements=false connectionID=88
time="2026-03-09T12:04:11+01:00" level=info msg=ConnectionClosed connectionID=87
time="2026-03-09T12:04:11+01:00" level=warning msg="error running query" connectTime="2026-03-09 12:04:11.676457 +0100 CET m=+607.716054001" connectionDb=beads_antwort connectionID=88 error="nothing to commit" queryTime="2026-03-09 12:04:11.684454 +0100 CET m=+607.724050876"
time="2026-03-09T12:04:11+01:00" level=info msg=ConnectionClosed connectionID=88
time="2026-03-09T12:04:11+01:00" level=info msg=NewConnection DisableClientMultiStatements=false connectionID=89
time="2026-03-09T12:04:11+01:00" level=info msg=ConnectionClosed connectionID=89
time="2026-03-09T12:04:11+01:00" level=info msg=NewConnection DisableClientMultiStatements=false connectionID=90
time="2026-03-09T12:04:11+01:00" level=info msg=NewConnection DisableClientMultiStatements=false connectionID=91
time="2026-03-09T12:04:11+01:00" level=info msg=ConnectionClosed connectionID=90
time="2026-03-09T12:04:11+01:00" level=warning msg="error running query" connectTime="2026-03-09 12:04:11.748086 +0100 CET m=+607.787682751" connectionDb=beads_antwort connectionID=91 error="nothing to commit" queryTime="2026-03-09 12:04:11.754442 +0100 CET m=+607.794039126"
time="2026-03-09T12:04:11+01:00" level=info msg=ConnectionClosed connectionID=91
time="2026-03-09T12:04:22+01:00" level=info msg=NewConnection DisableClientMultiStatements=false connectionID=92
time="2026-03-09T12:04:22+01:00" level=info msg=ConnectionClosed connectionID=92
time="2026-03-09T12:04:22+01:00" level=info msg=NewConnection DisableClientMultiStatements=false connectionID=93
time="2026-03-09T12:04:22+01:00" level=info msg=NewConnection DisableClientMultiStatements=false connectionID=94
time="2026-03-09T12:04:22+01:00" level=info msg=ConnectionClosed connectionID=93
time="2026-03-09T12:04:22+01:00" level=info msg=ConnectionClosed connectionID=94
time="2026-03-09T12:05:27+01:00" level=info msg=NewConnection DisableClientMultiStatements=false connectionID=95
time="2026-03-09T12:05:27+01:00" level=info msg=ConnectionClosed connectionID=95
time="2026-03-09T12:05:27+01:00" level=info msg=NewConnection DisableClientMultiStatements=false connectionID=96
time="2026-03-09T12:05:27+01:00" level=info msg=NewConnection DisableClientMultiStatements=false connectionID=97
time="2026-03-09T12:05:27+01:00" level=info msg=ConnectionClosed connectionID=96
time="2026-03-09T12:05:27+01:00" level=warning msg="error running query" connectTime="2026-03-09 12:05:27.608071 +0100 CET m=+683.647317167" connectionDb=beads_antwort connectionID=97 error="nothing to commit" queryTime="2026-03-09 12:05:27.616957 +0100 CET m=+683.656203334"
time="2026-03-09T12:05:27+01:00" level=info msg=ConnectionClosed connectionID=97
time="2026-03-09T12:05:27+01:00" level=info msg=NewConnection DisableClientMultiStatements=false connectionID=98
time="2026-03-09T12:05:27+01:00" level=info msg=ConnectionClosed connectionID=98
time="2026-03-09T12:05:27+01:00" level=info msg=NewConnection DisableClientMultiStatements=false connectionID=99
time="2026-03-09T12:05:27+01:00" level=info msg=NewConnection DisableClientMultiStatements=false connectionID=100
time="2026-03-09T12:05:27+01:00" level=info msg=ConnectionClosed connectionID=99
time="2026-03-09T12:05:27+01:00" level=warning msg="error running query" connectTime="2026-03-09 12:05:27.68237 +0100 CET m=+683.721616459" connectionDb=beads_antwort connectionID=100 error="nothing to commit" queryTime="2026-03-09 12:05:27.690772 +0100 CET m=+683.730017917"
time="2026-03-09T12:05:27+01:00" level=info msg=ConnectionClosed connectionID=100
time="2026-03-09T12:05:38+01:00" level=info msg=NewConnection DisableClientMultiStatements=false connectionID=101
time="2026-03-09T12:05:38+01:00" level=info msg=ConnectionClosed connectionID=101
time="2026-03-09T12:05:38+01:00" level=info msg=NewConnection DisableClientMultiStatements=false connectionID=102
time="2026-03-09T12:05:38+01:00" level=info msg=NewConnection DisableClientMultiStatements=false connectionID=103
time="2026-03-09T12:05:38+01:00" level=info msg=ConnectionClosed connectionID=102
time="2026-03-09T12:05:38+01:00" level=info msg=ConnectionClosed connectionID=103
time="2026-03-09T12:05:41+01:00" level=info msg=NewConnection DisableClientMultiStatements=false connectionID=104
time="2026-03-09T12:05:41+01:00" level=info msg=ConnectionClosed connectionID=104
time="2026-03-09T12:05:41+01:00" level=info msg=NewConnection DisableClientMultiStatements=false connectionID=105
time="2026-03-09T12:05:41+01:00" level=info msg=NewConnection DisableClientMultiStatements=false connectionID=106
time="2026-03-09T12:05:41+01:00" level=info msg=ConnectionClosed connectionID=105
time="2026-03-09T12:05:41+01:00" level=info msg=ConnectionClosed connectionID=106
time="2026-03-09T12:12:15+01:00" level=info msg=NewConnection DisableClientMultiStatements=false connectionID=107
time="2026-03-09T12:12:15+01:00" level=info msg=ConnectionClosed connectionID=107
time="2026-03-09T12:12:15+01:00" level=info msg=NewConnection DisableClientMultiStatements=false connectionID=108
time="2026-03-09T12:12:15+01:00" level=info msg=NewConnection DisableClientMultiStatements=false connectionID=109
time="2026-03-09T12:12:15+01:00" level=info msg=ConnectionClosed connectionID=108
time="2026-03-09T12:12:15+01:00" level=warning msg="error running query" connectTime="2026-03-09 12:12:15.219924 +0100 CET m=+1091.257288709" connectionDb=beads_antwort connectionID=109 error="nothing to commit" queryTime="2026-03-09 12:12:15.232644 +0100 CET m=+1091.270008167"
time="2026-03-09T12:12:15+01:00" level=info msg=ConnectionClosed connectionID=109
time="2026-03-09T12:12:15+01:00" level=info msg=NewConnection DisableClientMultiStatements=false connectionID=110
time="2026-03-09T12:12:15+01:00" level=info msg=ConnectionClosed connectionID=110
time="2026-03-09T12:12:15+01:00" level=info msg=NewConnection DisableClientMultiStatements=false connectionID=111
time="2026-03-09T12:12:15+01:00" level=info msg=NewConnection DisableClientMultiStatements=false connectionID=112
time="2026-03-09T12:12:15+01:00" level=info msg=ConnectionClosed connectionID=111
time="2026-03-09T12:12:15+01:00" level=warning msg="error running query" connectTime="2026-03-09 12:12:15.347356 +0100 CET m=+1091.384719584" connectionDb=beads_antwort connectionID=112 error="nothing to commit" queryTime="2026-03-09 12:12:15.357441 +0100 CET m=+1091.394804251"
time="2026-03-09T12:12:15+01:00" level=info msg=ConnectionClosed connectionID=112
time="2026-03-09T12:12:15+01:00" level=info msg=NewConnection DisableClientMultiStatements=false connectionID=113
time="2026-03-09T12:12:15+01:00" level=info msg=ConnectionClosed connectionID=113
time="2026-03-09T12:12:15+01:00" level=info msg=NewConnection DisableClientMultiStatements=false connectionID=114
time="2026-03-09T12:12:15+01:00" level=info msg=NewConnection DisableClientMultiStatements=false connectionID=115
time="2026-03-09T12:12:15+01:00" level=info msg=ConnectionClosed connectionID=114
time="2026-03-09T12:12:15+01:00" level=warning msg="error running query" connectTime="2026-03-09 12:12:15.462537 +0100 CET m=+1091.499899834" connectionDb=beads_antwort connectionID=115 error="nothing to commit" queryTime="2026-03-09 12:12:15.471867 +0100 CET m=+1091.509230251"
time="2026-03-09T12:12:15+01:00" level=info msg=ConnectionClosed connectionID=115
time="2026-03-09T12:12:15+01:00" level=info msg=NewConnection DisableClientMultiStatements=false connectionID=116
time="2026-03-09T12:12:15+01:00" level=info msg=ConnectionClosed connectionID=116
time="2026-03-09T12:12:15+01:00" level=info msg=NewConnection DisableClientMultiStatements=false connectionID=117
time="2026-03-09T12:12:15+01:00" level=info msg=NewConnection DisableClientMultiStatements=false connectionID=118
time="2026-03-09T12:12:15+01:00" level=info msg=ConnectionClosed connectionID=117
time="2026-03-09T12:12:15+01:00" level=warning msg="error running query" connectTime="2026-03-09 12:12:15.603117 +0100 CET m=+1091.640479459" connectionDb=beads_antwort connectionID=118 error="nothing to commit" queryTime="2026-03-09 12:12:15.61255 +0100 CET m=+1091.649912417"
time="2026-03-09T12:12:15+01:00" level=info msg=ConnectionClosed connectionID=118
time="2026-03-09T12:12:15+01:00" level=info msg=NewConnection DisableClientMultiStatements=false connectionID=119
time="2026-03-09T12:12:15+01:00" level=info msg=ConnectionClosed connectionID=119
time="2026-03-09T12:12:15+01:00" level=info msg=NewConnection DisableClientMultiStatements=false connectionID=120
time="2026-03-09T12:12:15+01:00" level=info msg=NewConnection DisableClientMultiStatements=false connectionID=121
time="2026-03-09T12:12:15+01:00" level=info msg=ConnectionClosed connectionID=120
time="2026-03-09T12:12:15+01:00" level=warning msg="error running query" connectTime="2026-03-09 12:12:15.71461 +0100 CET m=+1091.751971501" connectionDb=beads_antwort connectionID=121 error="nothing to commit" queryTime="2026-03-09 12:12:15.725559 +0100 CET m=+1091.762920626"
time="2026-03-09T12:12:15+01:00" level=info msg=ConnectionClosed connectionID=121
time="2026-03-09T12:12:15+01:00" level=info msg=NewConnection DisableClientMultiStatements=false connectionID=122
time="2026-03-09T12:12:15+01:00" level=info msg=ConnectionClosed connectionID=122
time="2026-03-09T12:12:15+01:00" level=info msg=NewConnection DisableClientMultiStatements=false connectionID=123
time="2026-03-09T12:12:15+01:00" level=info msg=NewConnection DisableClientMultiStatements=false connectionID=124
time="2026-03-09T12:12:15+01:00" level=info msg=ConnectionClosed connectionID=123
time="2026-03-09T12:12:15+01:00" level=warning msg="error running query" connectTime="2026-03-09 12:12:15.823125 +0100 CET m=+1091.860486376" connectionDb=beads_antwort connectionID=124 error="nothing to commit" queryTime="2026-03-09 12:12:15.831414 +0100 CET m=+1091.868774959"
time="2026-03-09T12:12:15+01:00" level=info msg=ConnectionClosed connectionID=124
time="2026-03-09T12:12:27+01:00" level=info msg=NewConnection DisableClientMultiStatements=false connectionID=125
time="2026-03-09T12:12:27+01:00" level=info msg=ConnectionClosed connectionID=125
time="2026-03-09T12:12:27+01:00" level=info msg=NewConnection DisableClientMultiStatements=false connectionID=126
time="2026-03-09T12:12:27+01:00" level=info msg=NewConnection DisableClientMultiStatements=false connectionID=127
time="2026-03-09T12:12:27+01:00" level=info msg=ConnectionClosed connectionID=126
time="2026-03-09T12:12:27+01:00" level=info msg=ConnectionClosed connectionID=127
time="2026-03-09T12:24:06+01:00" level=info msg=NewConnection DisableClientMultiStatements=false connectionID=128
time="2026-03-09T12:24:06+01:00" level=info msg=ConnectionClosed connectionID=128
time="2026-03-09T12:24:06+01:00" level=info msg="Server closing listener. No longer accepting connections."
time="2026-03-09T12:24:06+01:00" level=info msg="stats stopped: context canceled"
Starting server with Config HP="127.0.0.1:13896"|T="28800000"|R="false"|L="info"
time="2026-03-09T12:59:48+01:00" level=info msg="Server ready. Accepting connections."
time="2026-03-09T12:59:48+01:00" level=warning msg="secure_file_priv is set to \"\", which is insecure."
time="2026-03-09T12:59:48+01:00" level=warning msg="Any user with GRANT FILE privileges will be able to read any file which the sql-server process can read."
time="2026-03-09T12:59:48+01:00" level=warning msg="Please consider restarting the server with secure_file_priv set to a safe (or non-existent) directory."
time="2026-03-09T12:59:48+01:00" level=info msg=NewConnection DisableClientMultiStatements=false connectionID=1
time="2026-03-09T12:59:48+01:00" level=info msg=ConnectionClosed connectionID=1
time="2026-03-09T12:59:48+01:00" level=info msg=NewConnection DisableClientMultiStatements=false connectionID=2
time="2026-03-09T12:59:48+01:00" level=info msg=ConnectionClosed connectionID=2
time="2026-03-09T12:59:48+01:00" level=info msg=NewConnection DisableClientMultiStatements=false connectionID=3
time="2026-03-09T12:59:48+01:00" level=info msg=NewConnection DisableClientMultiStatements=false connectionID=4
time="2026-03-09T12:59:48+01:00" level=info msg=ConnectionClosed connectionID=3
time="2026-03-09T12:59:48+01:00" level=info msg=ConnectionClosed connectionID=4
time="2026-03-09T13:02:33+01:00" level=info msg=NewConnection DisableClientMultiStatements=false connectionID=5
time="2026-03-09T13:02:33+01:00" level=info msg=ConnectionClosed connectionID=5
time="2026-03-09T13:02:33+01:00" level=info msg=NewConnection DisableClientMultiStatements=false connectionID=6
time="2026-03-09T13:02:33+01:00" level=info msg=NewConnection DisableClientMultiStatements=false connectionID=7
time="2026-03-09T13:02:33+01:00" level=info msg=ConnectionClosed connectionID=6
time="2026-03-09T13:02:33+01:00" level=warning msg="error running query" connectTime="2026-03-09 13:02:33.074989 +0100 CET m=+165.122788626" connectionDb=beads_antwort connectionID=7 error="nothing to commit" queryTime="2026-03-09 13:02:33.095352 +0100 CET m=+165.143151876"
time="2026-03-09T13:02:33+01:00" level=info msg=ConnectionClosed connectionID=7
time="2026-03-09T13:02:33+01:00" level=info msg=NewConnection DisableClientMultiStatements=false connectionID=8
time="2026-03-09T13:02:33+01:00" level=info msg=ConnectionClosed connectionID=8
time="2026-03-09T13:02:33+01:00" level=info msg=NewConnection DisableClientMultiStatements=false connectionID=9
time="2026-03-09T13:02:33+01:00" level=info msg=NewConnection DisableClientMultiStatements=false connectionID=10
time="2026-03-09T13:02:33+01:00" level=info msg=ConnectionClosed connectionID=9
time="2026-03-09T13:02:33+01:00" level=warning msg="error running query" connectTime="2026-03-09 13:02:33.333304 +0100 CET m=+165.381103001" connectionDb=beads_antwort connectionID=10 error="nothing to commit" queryTime="2026-03-09 13:02:33.340429 +0100 CET m=+165.388227460"
time="2026-03-09T13:02:33+01:00" level=info msg=ConnectionClosed connectionID=10
time="2026-03-09T13:02:33+01:00" level=info msg=NewConnection DisableClientMultiStatements=false connectionID=11
time="2026-03-09T13:02:33+01:00" level=info msg=ConnectionClosed connectionID=11
time="2026-03-09T13:02:33+01:00" level=info msg=NewConnection DisableClientMultiStatements=false connectionID=12
time="2026-03-09T13:02:33+01:00" level=info msg=NewConnection DisableClientMultiStatements=false connectionID=13
time="2026-03-09T13:02:33+01:00" level=info msg=ConnectionClosed connectionID=12
time="2026-03-09T13:02:33+01:00" level=warning msg="error running query" connectTime="2026-03-09 13:02:33.408147 +0100 CET m=+165.455945835" connectionDb=beads_antwort connectionID=13 error="nothing to commit" queryTime="2026-03-09 13:02:33.41655 +0100 CET m=+165.464348543"
time="2026-03-09T13:02:33+01:00" level=info msg=ConnectionClosed connectionID=13
time="2026-03-09T13:02:33+01:00" level=info msg=NewConnection DisableClientMultiStatements=false connectionID=14
time="2026-03-09T13:02:33+01:00" level=info msg=ConnectionClosed connectionID=14
time="2026-03-09T13:02:33+01:00" level=info msg=NewConnection DisableClientMultiStatements=false connectionID=15
time="2026-03-09T13:02:33+01:00" level=info msg=NewConnection DisableClientMultiStatements=false connectionID=16
time="2026-03-09T13:02:33+01:00" level=info msg=ConnectionClosed connectionID=15
time="2026-03-09T13:02:33+01:00" level=warning msg="error running query" connectTime="2026-03-09 13:02:33.480664 +0100 CET m=+165.528462293" connectionDb=beads_antwort connectionID=16 error="nothing to commit" queryTime="2026-03-09 13:02:33.487388 +0100 CET m=+165.535186376"
time="2026-03-09T13:02:33+01:00" level=info msg=ConnectionClosed connectionID=16
time="2026-03-09T13:02:33+01:00" level=info msg=NewConnection DisableClientMultiStatements=false connectionID=17
time="2026-03-09T13:02:33+01:00" level=info msg=ConnectionClosed connectionID=17
time="2026-03-09T13:02:33+01:00" level=info msg=NewConnection DisableClientMultiStatements=false connectionID=18
time="2026-03-09T13:02:33+01:00" level=info msg=NewConnection DisableClientMultiStatements=false connectionID=19
time="2026-03-09T13:02:33+01:00" level=info msg=ConnectionClosed connectionID=18
time="2026-03-09T13:02:33+01:00" level=warning msg="error running query" connectTime="2026-03-09 13:02:33.551402 +0100 CET m=+165.599200085" connectionDb=beads_antwort connectionID=19 error="nothing to commit" queryTime="2026-03-09 13:02:33.558441 +0100 CET m=+165.606238751"
time="2026-03-09T13:02:33+01:00" level=info msg=ConnectionClosed connectionID=19
time="2026-03-09T13:02:43+01:00" level=info msg=NewConnection DisableClientMultiStatements=false connectionID=20
time="2026-03-09T13:02:43+01:00" level=info msg=ConnectionClosed connectionID=20
time="2026-03-09T13:02:43+01:00" level=info msg=NewConnection DisableClientMultiStatements=false connectionID=21
time="2026-03-09T13:02:43+01:00" level=info msg=NewConnection DisableClientMultiStatements=false connectionID=22
time="2026-03-09T13:02:43+01:00" level=info msg=ConnectionClosed connectionID=21
time="2026-03-09T13:02:43+01:00" level=info msg=ConnectionClosed connectionID=22
